<?xml version="1.0" encoding="UTF-8"?>
<!-- Generated by org.testng.reporters.JUnitReportReporter -->
<testsuite hostname="Maruf" name="com.paxotech.qa.scripts.HeatClinicTest" tests="1" failures="0" timestamp="4 Jan 2016 21:48:24 GMT" time="23.262" errors="0">
  <testcase name="test1" time="23.262" classname="com.paxotech.qa.scripts.HeatClinicTest"/>
</testsuite> <!-- com.paxotech.qa.scripts.HeatClinicTest -->
