<?xml version="1.0" encoding="UTF-8"?>
<!-- Generated by org.testng.reporters.JUnitReportReporter -->
<testsuite hostname="Maruf" name="com.paxotech.qa.scripts.HeatClinicTest2" tests="2" failures="0" timestamp="4 Jan 2016 21:31:07 GMT" time="33.779" errors="0">
  <testcase name="test" time="19.232" classname="com.paxotech.qa.scripts.HeatClinicTest2"/>
  <testcase name="tab" time="14.547" classname="com.paxotech.qa.scripts.HeatClinicTest2"/>
</testsuite> <!-- com.paxotech.qa.scripts.HeatClinicTest2 -->
