<?xml version="1.0" encoding="UTF-8"?>
<!-- Generated by org.testng.reporters.JUnitReportReporter -->
<testsuite hostname="Maruf" name="com.paxotech.qa.scripts.HeatClinicTest" tests="2" failures="0" timestamp="4 Jan 2016 21:31:07 GMT" time="41.293" errors="0">
  <testcase name="test1" time="28.997" classname="com.paxotech.qa.scripts.HeatClinicTest"/>
  <testcase name="test2" time="12.296" classname="com.paxotech.qa.scripts.HeatClinicTest"/>
</testsuite> <!-- com.paxotech.qa.scripts.HeatClinicTest -->
